2025-04-16 21:05:05,359 - HV000001: Hibernate Validator 8.0.1.Final
2025-04-16 21:05:05,490 - Starting AssignmentApplication using Java 21.0.3 with PID 8412 (C:\Satheesh\JavaWorkspace\PhoneBook\target\classes started by KyahtamSatheesh in C:\Satheesh\JavaWorkspace\PhoneBook)
2025-04-16 21:05:05,492 - No active profile set, falling back to 1 default profile: "default"
2025-04-16 21:05:06,990 - Bootstrapping Spring Data JPA repositories in DEFAULT mode.
2025-04-16 21:05:07,057 - Finished Spring Data repository scanning in 35 ms. Found 0 JPA repository interfaces.
2025-04-16 21:05:08,548 - Tomcat initialized with port 8080 (http)
2025-04-16 21:05:08,599 - Initializing ProtocolHandler ["http-nio-8080"]
2025-04-16 21:05:08,603 - Starting service [Tomcat]
2025-04-16 21:05:08,605 - Starting Servlet engine: [Apache Tomcat/10.1.19]
2025-04-16 21:05:08,758 - Initializing Spring embedded WebApplicationContext
2025-04-16 21:05:08,759 - Root WebApplicationContext: initialization completed in 3165 ms
2025-04-16 21:05:08,849 - HikariPool-1 - Starting...
2025-04-16 21:05:09,419 - HikariPool-1 - Added connection conn0: url=jdbc:h2:mem:testdb user=SA
2025-04-16 21:05:09,425 - HikariPool-1 - Start completed.
2025-04-16 21:05:09,454 - H2 console available at '/h2-console'. Database available at 'jdbc:h2:mem:testdb'
2025-04-16 21:05:09,901 - HHH000204: Processing PersistenceUnitInfo [name: default]
2025-04-16 21:05:10,116 - HHH000412: Hibernate ORM core version 6.4.4.Final
2025-04-16 21:05:10,240 - HHH000026: Second-level cache disabled
2025-04-16 21:05:10,931 - No LoadTimeWeaver setup: ignoring JPA class transformer
2025-04-16 21:05:12,248 - HHH000489: No JTA platform available (set 'hibernate.transaction.jta.platform' to enable JTA platform integration)
2025-04-16 21:05:12,304 - Initialized JPA EntityManagerFactory for persistence unit 'default'
2025-04-16 21:05:12,433 - spring.jpa.open-in-view is enabled by default. Therefore, database queries may be performed during view rendering. Explicitly configure spring.jpa.open-in-view to disable this warning
2025-04-16 21:05:12,529 - 

Using generated security password: e0fb05af-7978-4a20-9efc-1060d9a0f58f

This generated password is for development use only. Your security configuration must be updated before running your application in production.

2025-04-16 21:05:13,153 - Will secure any request with [org.springframework.security.web.session.DisableEncodeUrlFilter@7ff7e353, org.springframework.security.web.context.request.async.WebAsyncManagerIntegrationFilter@70680f88, org.springframework.security.web.context.SecurityContextHolderFilter@3724ab90, org.springframework.security.web.header.HeaderWriterFilter@5fe4848, org.springframework.web.filter.CorsFilter@7f7f544a, org.springframework.security.web.authentication.logout.LogoutFilter@75f446df, com.cse5382.assignment.Component.JwtFilter@70b48eb3, org.springframework.security.web.savedrequest.RequestCacheAwareFilter@291522f1, org.springframework.security.web.servletapi.SecurityContextHolderAwareRequestFilter@85eba52, org.springframework.security.web.authentication.AnonymousAuthenticationFilter@70b0dc92, org.springframework.security.web.access.ExceptionTranslationFilter@54f62ac6, org.springframework.security.web.access.intercept.AuthorizationFilter@7d0e43d6]
2025-04-16 21:05:13,807 - Starting ProtocolHandler ["http-nio-8080"]
2025-04-16 21:05:13,878 - Tomcat started on port 8080 (http) with context path ''
2025-04-16 21:05:13,896 - Started AssignmentApplication in 9.016 seconds (process running for 10.489)
2025-04-16 21:05:30,941 - Initializing Spring DispatcherServlet 'dispatcherServlet'
2025-04-16 21:05:30,942 - Initializing Servlet 'dispatcherServlet'
2025-04-16 21:05:30,943 - Completed initialization in 1 ms
2025-04-16 21:07:23,515 - HV000001: Hibernate Validator 8.0.1.Final
2025-04-16 21:07:23,581 - Starting AssignmentApplication using Java 21.0.3 with PID 54656 (C:\Satheesh\JavaWorkspace\PhoneBook\target\classes started by KyahtamSatheesh in C:\Satheesh\JavaWorkspace\PhoneBook)
2025-04-16 21:07:23,582 - No active profile set, falling back to 1 default profile: "default"
2025-04-16 21:07:24,641 - Bootstrapping Spring Data JPA repositories in DEFAULT mode.
2025-04-16 21:07:24,674 - Finished Spring Data repository scanning in 21 ms. Found 0 JPA repository interfaces.
2025-04-16 21:07:25,506 - Tomcat initialized with port 8080 (http)
2025-04-16 21:07:25,519 - Initializing ProtocolHandler ["http-nio-8080"]
2025-04-16 21:07:25,521 - Starting service [Tomcat]
2025-04-16 21:07:25,521 - Starting Servlet engine: [Apache Tomcat/10.1.19]
2025-04-16 21:07:25,587 - Initializing Spring embedded WebApplicationContext
2025-04-16 21:07:25,588 - Root WebApplicationContext: initialization completed in 1947 ms
2025-04-16 21:07:25,640 - HikariPool-1 - Starting...
2025-04-16 21:07:25,991 - HikariPool-1 - Added connection conn0: url=jdbc:h2:mem:testdb user=SA
2025-04-16 21:07:25,993 - HikariPool-1 - Start completed.
2025-04-16 21:07:26,025 - H2 console available at '/h2-console'. Database available at 'jdbc:h2:mem:testdb'
2025-04-16 21:07:26,305 - HHH000204: Processing PersistenceUnitInfo [name: default]
2025-04-16 21:07:26,408 - HHH000412: Hibernate ORM core version 6.4.4.Final
2025-04-16 21:07:26,437 - HHH000026: Second-level cache disabled
2025-04-16 21:07:26,732 - No LoadTimeWeaver setup: ignoring JPA class transformer
2025-04-16 21:07:27,712 - HHH000489: No JTA platform available (set 'hibernate.transaction.jta.platform' to enable JTA platform integration)
2025-04-16 21:07:27,743 - Initialized JPA EntityManagerFactory for persistence unit 'default'
2025-04-16 21:07:27,849 - spring.jpa.open-in-view is enabled by default. Therefore, database queries may be performed during view rendering. Explicitly configure spring.jpa.open-in-view to disable this warning
2025-04-16 21:07:27,908 - 

Using generated security password: e9d294b7-5249-4706-bca8-61bed0296a88

This generated password is for development use only. Your security configuration must be updated before running your application in production.

2025-04-16 21:07:28,444 - Will secure any request with [org.springframework.security.web.session.DisableEncodeUrlFilter@1f5f4d48, org.springframework.security.web.context.request.async.WebAsyncManagerIntegrationFilter@2f025e9e, org.springframework.security.web.context.SecurityContextHolderFilter@4daead88, org.springframework.security.web.header.HeaderWriterFilter@629fe84, org.springframework.web.filter.CorsFilter@2c8e096, org.springframework.security.web.authentication.logout.LogoutFilter@2178d296, com.cse5382.assignment.Component.JwtFilter@b768a65, org.springframework.security.web.savedrequest.RequestCacheAwareFilter@5b3c11ce, org.springframework.security.web.servletapi.SecurityContextHolderAwareRequestFilter@46573cfe, org.springframework.security.web.authentication.AnonymousAuthenticationFilter@3dabdd11, org.springframework.security.web.access.ExceptionTranslationFilter@2ad80cf6, org.springframework.security.web.access.intercept.AuthorizationFilter@2f03fdc0]
2025-04-16 21:07:28,775 - Starting ProtocolHandler ["http-nio-8080"]
2025-04-16 21:07:28,820 - Tomcat started on port 8080 (http) with context path ''
2025-04-16 21:07:28,833 - Started AssignmentApplication in 5.65 seconds (process running for 6.465)
2025-04-16 21:07:37,895 - Initializing Spring DispatcherServlet 'dispatcherServlet'
2025-04-16 21:07:37,896 - Initializing Servlet 'dispatcherServlet'
2025-04-16 21:07:37,898 - Completed initialization in 2 ms
2025-04-16 21:12:11,086 - HV000001: Hibernate Validator 8.0.1.Final
2025-04-16 21:12:11,152 - Starting AssignmentApplication using Java 21.0.3 with PID 9112 (C:\Satheesh\JavaWorkspace\PhoneBook\target\classes started by KyahtamSatheesh in C:\Satheesh\JavaWorkspace\PhoneBook)
2025-04-16 21:12:11,153 - No active profile set, falling back to 1 default profile: "default"
2025-04-16 21:12:12,300 - Bootstrapping Spring Data JPA repositories in DEFAULT mode.
2025-04-16 21:12:12,340 - Finished Spring Data repository scanning in 26 ms. Found 0 JPA repository interfaces.
2025-04-16 21:12:13,059 - Tomcat initialized with port 8080 (http)
2025-04-16 21:12:13,074 - Initializing ProtocolHandler ["http-nio-8080"]
2025-04-16 21:12:13,077 - Starting service [Tomcat]
2025-04-16 21:12:13,077 - Starting Servlet engine: [Apache Tomcat/10.1.19]
2025-04-16 21:12:13,149 - Initializing Spring embedded WebApplicationContext
2025-04-16 21:12:13,150 - Root WebApplicationContext: initialization completed in 1935 ms
2025-04-16 21:12:13,203 - HikariPool-1 - Starting...
2025-04-16 21:12:13,449 - HikariPool-1 - Added connection conn0: url=jdbc:h2:mem:testdb user=SA
2025-04-16 21:12:13,451 - HikariPool-1 - Start completed.
2025-04-16 21:12:13,465 - H2 console available at '/h2-console'. Database available at 'jdbc:h2:mem:testdb'
2025-04-16 21:12:13,709 - HHH000204: Processing PersistenceUnitInfo [name: default]
2025-04-16 21:12:13,814 - HHH000412: Hibernate ORM core version 6.4.4.Final
2025-04-16 21:12:13,862 - HHH000026: Second-level cache disabled
2025-04-16 21:12:14,239 - No LoadTimeWeaver setup: ignoring JPA class transformer
2025-04-16 21:12:15,185 - HHH000489: No JTA platform available (set 'hibernate.transaction.jta.platform' to enable JTA platform integration)
2025-04-16 21:12:15,215 - Initialized JPA EntityManagerFactory for persistence unit 'default'
2025-04-16 21:12:15,319 - spring.jpa.open-in-view is enabled by default. Therefore, database queries may be performed during view rendering. Explicitly configure spring.jpa.open-in-view to disable this warning
2025-04-16 21:12:15,367 - 

Using generated security password: 7e045baf-baa6-4f5c-9292-2ad0b1873a63

This generated password is for development use only. Your security configuration must be updated before running your application in production.

2025-04-16 21:12:15,890 - Will secure any request with [org.springframework.security.web.session.DisableEncodeUrlFilter@7d44eab, org.springframework.security.web.context.request.async.WebAsyncManagerIntegrationFilter@35e7fcf2, org.springframework.security.web.context.SecurityContextHolderFilter@7ddcd3d, org.springframework.security.web.header.HeaderWriterFilter@504274c1, org.springframework.web.filter.CorsFilter@620f7a39, org.springframework.security.web.authentication.logout.LogoutFilter@43de88f3, com.cse5382.assignment.Component.JwtFilter@4b9c411, org.springframework.security.web.savedrequest.RequestCacheAwareFilter@7cab8d52, org.springframework.security.web.servletapi.SecurityContextHolderAwareRequestFilter@141eb85b, org.springframework.security.web.authentication.AnonymousAuthenticationFilter@e581302, org.springframework.security.web.access.ExceptionTranslationFilter@3e0e3048, org.springframework.security.web.access.intercept.AuthorizationFilter@5f1db390]
2025-04-16 21:12:16,330 - Starting ProtocolHandler ["http-nio-8080"]
2025-04-16 21:12:16,385 - Tomcat started on port 8080 (http) with context path ''
2025-04-16 21:12:16,399 - Started AssignmentApplication in 5.633 seconds (process running for 6.441)
2025-04-16 21:12:21,185 - Initializing Spring DispatcherServlet 'dispatcherServlet'
2025-04-16 21:12:21,186 - Initializing Servlet 'dispatcherServlet'
2025-04-16 21:12:21,188 - Completed initialization in 2 ms
2025-04-16 21:34:47,244 - Could not detect default configuration classes for test class [com.cse5382.assignment.AssignmentApplicationTests]: AssignmentApplicationTests does not declare any static, non-private, non-final, nested classes annotated with @Configuration.
2025-04-16 21:34:47,508 - Found @SpringBootConfiguration com.cse5382.assignment.AssignmentApplication for test class com.cse5382.assignment.AssignmentApplicationTests
2025-04-16 21:34:48,092 - HV000001: Hibernate Validator 8.0.1.Final
2025-04-16 21:34:48,165 - Starting AssignmentApplicationTests using Java 21.0.3 with PID 41700 (started by KyahtamSatheesh in C:\Satheesh\JavaWorkspace\PhoneBook)
2025-04-16 21:34:48,166 - No active profile set, falling back to 1 default profile: "default"
2025-04-16 21:34:50,949 - 

Using generated security password: ec968eed-dbda-485c-8724-c475506f73fc

This generated password is for development use only. Your security configuration must be updated before running your application in production.

2025-04-16 21:34:51,481 - Will secure any request with [org.springframework.security.web.session.DisableEncodeUrlFilter@3221588e, org.springframework.security.web.context.request.async.WebAsyncManagerIntegrationFilter@51141f64, org.springframework.security.web.context.SecurityContextHolderFilter@4045fd1f, org.springframework.security.web.header.HeaderWriterFilter@1fa98a22, org.springframework.web.filter.CorsFilter@32c0fecc, org.springframework.security.web.authentication.logout.LogoutFilter@71262020, com.cse5382.assignment.Component.JwtFilter@7e2bc2f4, org.springframework.security.web.savedrequest.RequestCacheAwareFilter@67e11bda, org.springframework.security.web.servletapi.SecurityContextHolderAwareRequestFilter@341ccfd1, org.springframework.security.web.authentication.AnonymousAuthenticationFilter@35ceec81, org.springframework.security.web.access.ExceptionTranslationFilter@40c28b0d, org.springframework.security.web.access.intercept.AuthorizationFilter@192f5f39]
2025-04-16 21:34:51,833 - Initializing Spring TestDispatcherServlet ''
2025-04-16 21:34:51,833 - Initializing Servlet ''
2025-04-16 21:34:51,835 - Completed initialization in 1 ms
2025-04-16 21:34:51,905 - Started AssignmentApplicationTests in 4.114 seconds (process running for 6.229)
2025-04-16 21:42:41,973 - Could not detect default configuration classes for test class [com.cse5382.assignment.AssignmentApplicationTests]: AssignmentApplicationTests does not declare any static, non-private, non-final, nested classes annotated with @Configuration.
2025-04-16 21:42:42,206 - Found @SpringBootConfiguration com.cse5382.assignment.AssignmentApplication for test class com.cse5382.assignment.AssignmentApplicationTests
2025-04-16 21:42:42,750 - HV000001: Hibernate Validator 8.0.1.Final
2025-04-16 21:42:42,828 - Starting AssignmentApplicationTests using Java 21.0.3 with PID 19144 (started by KyahtamSatheesh in C:\Satheesh\JavaWorkspace\PhoneBook)
2025-04-16 21:42:42,831 - No active profile set, falling back to 1 default profile: "default"
2025-04-16 21:42:45,532 - 

Using generated security password: af946428-df5a-4693-9702-ab03671bdb28

This generated password is for development use only. Your security configuration must be updated before running your application in production.

2025-04-16 21:42:46,133 - Will secure any request with [org.springframework.security.web.session.DisableEncodeUrlFilter@2965dd88, org.springframework.security.web.context.request.async.WebAsyncManagerIntegrationFilter@3221588e, org.springframework.security.web.context.SecurityContextHolderFilter@5a7e81, org.springframework.security.web.header.HeaderWriterFilter@cf984d9, org.springframework.web.filter.CorsFilter@51141f64, org.springframework.security.web.authentication.logout.LogoutFilter@4491eaeb, com.cse5382.assignment.Component.JwtFilter@76af51d6, org.springframework.security.web.savedrequest.RequestCacheAwareFilter@13ee97af, org.springframework.security.web.servletapi.SecurityContextHolderAwareRequestFilter@67e11bda, org.springframework.security.web.authentication.AnonymousAuthenticationFilter@32c0fecc, org.springframework.security.web.access.ExceptionTranslationFilter@6ae42248, org.springframework.security.web.access.intercept.AuthorizationFilter@38e46765]
2025-04-16 21:42:46,559 - Initializing Spring TestDispatcherServlet ''
2025-04-16 21:42:46,560 - Initializing Servlet ''
2025-04-16 21:42:46,562 - Completed initialization in 2 ms
2025-04-16 21:42:46,628 - Started AssignmentApplicationTests in 4.173 seconds (process running for 5.929)
2025-04-16 22:02:32,823 - HV000001: Hibernate Validator 8.0.1.Final
2025-04-16 22:02:32,883 - Starting AssignmentApplication using Java 21.0.3 with PID 62672 (C:\Satheesh\JavaWorkspace\PhoneBook\target\classes started by KyahtamSatheesh in C:\Satheesh\JavaWorkspace\PhoneBook)
2025-04-16 22:02:32,884 - No active profile set, falling back to 1 default profile: "default"
2025-04-16 22:02:34,080 - Bootstrapping Spring Data JPA repositories in DEFAULT mode.
2025-04-16 22:02:34,139 - Finished Spring Data repository scanning in 39 ms. Found 0 JPA repository interfaces.
2025-04-16 22:02:35,103 - Tomcat initialized with port 8080 (http)
2025-04-16 22:02:35,120 - Initializing ProtocolHandler ["http-nio-8080"]
2025-04-16 22:02:35,122 - Starting service [Tomcat]
2025-04-16 22:02:35,122 - Starting Servlet engine: [Apache Tomcat/10.1.19]
2025-04-16 22:02:35,193 - Initializing Spring embedded WebApplicationContext
2025-04-16 22:02:35,194 - Root WebApplicationContext: initialization completed in 2260 ms
2025-04-16 22:02:35,259 - HikariPool-1 - Starting...
2025-04-16 22:02:35,539 - HikariPool-1 - Added connection conn0: url=jdbc:h2:mem:testdb user=SA
2025-04-16 22:02:35,543 - HikariPool-1 - Start completed.
2025-04-16 22:02:35,558 - H2 console available at '/h2-console'. Database available at 'jdbc:h2:mem:testdb'
2025-04-16 22:02:35,860 - HHH000204: Processing PersistenceUnitInfo [name: default]
2025-04-16 22:02:36,096 - HHH000412: Hibernate ORM core version 6.4.4.Final
2025-04-16 22:02:36,240 - HHH000026: Second-level cache disabled
2025-04-16 22:02:36,689 - No LoadTimeWeaver setup: ignoring JPA class transformer
2025-04-16 22:02:37,824 - HHH000489: No JTA platform available (set 'hibernate.transaction.jta.platform' to enable JTA platform integration)
2025-04-16 22:02:37,851 - Initialized JPA EntityManagerFactory for persistence unit 'default'
2025-04-16 22:02:37,940 - spring.jpa.open-in-view is enabled by default. Therefore, database queries may be performed during view rendering. Explicitly configure spring.jpa.open-in-view to disable this warning
2025-04-16 22:02:37,981 - 

Using generated security password: a4e9f109-c993-4f87-8894-37911912f94f

This generated password is for development use only. Your security configuration must be updated before running your application in production.

2025-04-16 22:02:38,468 - Will secure any request with [org.springframework.security.web.session.DisableEncodeUrlFilter@2f03fdc0, org.springframework.security.web.context.request.async.WebAsyncManagerIntegrationFilter@1a06ec24, org.springframework.security.web.context.SecurityContextHolderFilter@629fe84, org.springframework.security.web.header.HeaderWriterFilter@4be5b9b1, org.springframework.web.filter.CorsFilter@1715193f, org.springframework.security.web.authentication.logout.LogoutFilter@2bfa5678, com.cse5382.assignment.Component.JwtFilter@1e3f86d5, org.springframework.security.web.savedrequest.RequestCacheAwareFilter@ab2e887, org.springframework.security.web.servletapi.SecurityContextHolderAwareRequestFilter@4daead88, org.springframework.security.web.authentication.AnonymousAuthenticationFilter@1f5f4d48, org.springframework.security.web.access.ExceptionTranslationFilter@7d432bc0, org.springframework.security.web.access.intercept.AuthorizationFilter@3891b430]
2025-04-16 22:02:38,959 - Starting ProtocolHandler ["http-nio-8080"]
2025-04-16 22:02:39,032 - Tomcat started on port 8080 (http) with context path ''
2025-04-16 22:02:39,057 - Started AssignmentApplication in 6.599 seconds (process running for 7.599)
2025-04-16 22:02:46,935 - Initializing Spring DispatcherServlet 'dispatcherServlet'
2025-04-16 22:02:46,936 - Initializing Servlet 'dispatcherServlet'
2025-04-16 22:02:46,938 - Completed initialization in 2 ms
2025-04-16 22:02:55,282 - This is User add method...
2025-04-16 22:02:55,283 - Given User name is 
2025-04-16 22:02:55,283 - Given User phone number is 
2025-04-16 22:04:09,725 - This is User add method...
2025-04-16 22:04:09,726 - Given User name is 
2025-04-16 22:04:09,727 - Given User phone number is 
2025-04-16 22:04:41,265 - This is User add method...
2025-04-16 22:04:41,266 - Given User name is 
2025-04-16 22:04:41,266 - Given User phone number is 
2025-04-16 22:05:00,979 - HV000001: Hibernate Validator 8.0.1.Final
2025-04-16 22:05:01,059 - Starting AssignmentApplication using Java 21.0.3 with PID 24500 (C:\Satheesh\JavaWorkspace\PhoneBook\target\classes started by KyahtamSatheesh in C:\Satheesh\JavaWorkspace\PhoneBook)
2025-04-16 22:05:01,061 - No active profile set, falling back to 1 default profile: "default"
2025-04-16 22:05:02,254 - Bootstrapping Spring Data JPA repositories in DEFAULT mode.
2025-04-16 22:05:02,325 - Finished Spring Data repository scanning in 45 ms. Found 0 JPA repository interfaces.
2025-04-16 22:05:03,302 - Tomcat initialized with port 8080 (http)
2025-04-16 22:05:03,316 - Initializing ProtocolHandler ["http-nio-8080"]
2025-04-16 22:05:03,326 - Starting service [Tomcat]
2025-04-16 22:05:03,326 - Starting Servlet engine: [Apache Tomcat/10.1.19]
2025-04-16 22:05:03,409 - Initializing Spring embedded WebApplicationContext
2025-04-16 22:05:03,410 - Root WebApplicationContext: initialization completed in 2279 ms
2025-04-16 22:05:03,486 - HikariPool-1 - Starting...
2025-04-16 22:05:03,736 - HikariPool-1 - Added connection conn0: url=jdbc:h2:mem:testdb user=SA
2025-04-16 22:05:03,738 - HikariPool-1 - Start completed.
2025-04-16 22:05:03,753 - H2 console available at '/h2-console'. Database available at 'jdbc:h2:mem:testdb'
2025-04-16 22:05:04,178 - HHH000204: Processing PersistenceUnitInfo [name: default]
2025-04-16 22:05:04,330 - HHH000412: Hibernate ORM core version 6.4.4.Final
2025-04-16 22:05:04,405 - HHH000026: Second-level cache disabled
2025-04-16 22:05:04,953 - No LoadTimeWeaver setup: ignoring JPA class transformer
2025-04-16 22:05:06,220 - HHH000489: No JTA platform available (set 'hibernate.transaction.jta.platform' to enable JTA platform integration)
2025-04-16 22:05:06,262 - Initialized JPA EntityManagerFactory for persistence unit 'default'
2025-04-16 22:05:06,375 - spring.jpa.open-in-view is enabled by default. Therefore, database queries may be performed during view rendering. Explicitly configure spring.jpa.open-in-view to disable this warning
2025-04-16 22:05:06,431 - 

Using generated security password: cec52238-f388-4d2e-83e6-036c70d30464

This generated password is for development use only. Your security configuration must be updated before running your application in production.

2025-04-16 22:05:07,114 - Will secure any request with [org.springframework.security.web.session.DisableEncodeUrlFilter@2c8e096, org.springframework.security.web.context.request.async.WebAsyncManagerIntegrationFilter@3dabdd11, org.springframework.security.web.context.SecurityContextHolderFilter@5b3c11ce, org.springframework.security.web.header.HeaderWriterFilter@ab2e887, org.springframework.web.filter.CorsFilter@587bf2e1, org.springframework.security.web.authentication.logout.LogoutFilter@5f1db390, com.cse5382.assignment.Component.JwtFilter@74b00247, org.springframework.security.web.savedrequest.RequestCacheAwareFilter@7ead0b51, org.springframework.security.web.servletapi.SecurityContextHolderAwareRequestFilter@2f7d8a7c, org.springframework.security.web.authentication.AnonymousAuthenticationFilter@6530a1de, org.springframework.security.web.access.ExceptionTranslationFilter@629fe84, org.springframework.security.web.access.intercept.AuthorizationFilter@1715193f]
2025-04-16 22:05:07,599 - Starting ProtocolHandler ["http-nio-8080"]
2025-04-16 22:05:07,642 - Tomcat started on port 8080 (http) with context path ''
2025-04-16 22:05:07,653 - Started AssignmentApplication in 7.184 seconds (process running for 8.224)
2025-04-16 22:05:09,600 - Initializing Spring DispatcherServlet 'dispatcherServlet'
2025-04-16 22:05:09,601 - Initializing Servlet 'dispatcherServlet'
2025-04-16 22:05:09,607 - Completed initialization in 3 ms
2025-04-16 22:05:18,649 - This is User add method...
2025-04-16 22:05:18,649 - Given User name is...... Kyahtams
2025-04-16 22:05:18,650 - Given User phone number is 12343
2025-04-16 22:05:18,650 - Given User name is Kyahtams
2025-04-16 22:05:18,650 - Given User phone number is 12343
2025-04-16 22:26:56,033 - HV000001: Hibernate Validator 8.0.1.Final
2025-04-16 22:26:56,108 - Starting AssignmentApplication using Java 21.0.3 with PID 17440 (C:\Satheesh\JavaWorkspace\PhoneBook\target\classes started by KyahtamSatheesh in C:\Satheesh\JavaWorkspace\PhoneBook)
2025-04-16 22:26:56,109 - No active profile set, falling back to 1 default profile: "default"
2025-04-16 22:26:57,301 - Bootstrapping Spring Data JPA repositories in DEFAULT mode.
2025-04-16 22:26:57,356 - Finished Spring Data repository scanning in 36 ms. Found 0 JPA repository interfaces.
2025-04-16 22:26:58,378 - Tomcat initialized with port 8080 (http)
2025-04-16 22:26:58,391 - Initializing ProtocolHandler ["http-nio-8080"]
2025-04-16 22:26:58,395 - Starting service [Tomcat]
2025-04-16 22:26:58,395 - Starting Servlet engine: [Apache Tomcat/10.1.19]
2025-04-16 22:26:58,468 - Initializing Spring embedded WebApplicationContext
2025-04-16 22:26:58,469 - Root WebApplicationContext: initialization completed in 2286 ms
2025-04-16 22:26:58,517 - HikariPool-1 - Starting...
2025-04-16 22:26:58,771 - HikariPool-1 - Added connection conn0: url=jdbc:h2:mem:testdb user=SA
2025-04-16 22:26:58,774 - HikariPool-1 - Start completed.
2025-04-16 22:26:58,792 - H2 console available at '/h2-console'. Database available at 'jdbc:h2:mem:testdb'
2025-04-16 22:26:59,055 - HHH000204: Processing PersistenceUnitInfo [name: default]
2025-04-16 22:26:59,182 - HHH000412: Hibernate ORM core version 6.4.4.Final
2025-04-16 22:26:59,230 - HHH000026: Second-level cache disabled
2025-04-16 22:26:59,738 - No LoadTimeWeaver setup: ignoring JPA class transformer
2025-04-16 22:27:00,639 - HHH000489: No JTA platform available (set 'hibernate.transaction.jta.platform' to enable JTA platform integration)
2025-04-16 22:27:00,668 - Initialized JPA EntityManagerFactory for persistence unit 'default'
2025-04-16 22:27:00,772 - spring.jpa.open-in-view is enabled by default. Therefore, database queries may be performed during view rendering. Explicitly configure spring.jpa.open-in-view to disable this warning
2025-04-16 22:27:00,822 - 

Using generated security password: 5e9c9901-9833-46e1-86fa-7a0e43255181

This generated password is for development use only. Your security configuration must be updated before running your application in production.

2025-04-16 22:27:01,216 - Will secure any request with [org.springframework.security.web.session.DisableEncodeUrlFilter@44723d95, org.springframework.security.web.context.request.async.WebAsyncManagerIntegrationFilter@242c4a94, org.springframework.security.web.context.SecurityContextHolderFilter@7dda5b25, org.springframework.security.web.header.HeaderWriterFilter@2f7d8a7c, org.springframework.web.filter.CorsFilter@4df13b7e, org.springframework.security.web.authentication.logout.LogoutFilter@e581302, com.cse5382.assignment.Component.JwtFilter@4be490da, org.springframework.security.web.savedrequest.RequestCacheAwareFilter@8942ece, org.springframework.security.web.servletapi.SecurityContextHolderAwareRequestFilter@3a89226e, org.springframework.security.web.authentication.AnonymousAuthenticationFilter@477d6f66, org.springframework.security.web.access.ExceptionTranslationFilter@46573cfe, org.springframework.security.web.access.intercept.AuthorizationFilter@6530a1de]
2025-04-16 22:27:01,593 - Starting ProtocolHandler ["http-nio-8080"]
2025-04-16 22:27:01,633 - Tomcat started on port 8080 (http) with context path ''
2025-04-16 22:27:01,647 - Started AssignmentApplication in 6.009 seconds (process running for 6.816)
2025-04-16 22:27:09,461 - Initializing Spring DispatcherServlet 'dispatcherServlet'
2025-04-16 22:27:09,461 - Initializing Servlet 'dispatcherServlet'
2025-04-16 22:27:09,463 - Completed initialization in 2 ms
2025-04-16 22:27:18,675 - This is method name is add user...
2025-04-16 22:27:18,676 - Given User name is Kyahtams
2025-04-16 22:27:18,676 - Given User phone number is 12343
2025-04-16 22:27:18,692 - Phone book entry added successfully {message=Phone book entry added successfully, status=201}
2025-04-16 22:27:32,927 - GlobalExceptionHandler:  Validation Failed : Input phone number is invalid..
2025-04-16 22:30:11,075 - HV000001: Hibernate Validator 8.0.1.Final
2025-04-16 22:30:11,158 - Starting AssignmentApplication using Java 21.0.3 with PID 63108 (C:\Satheesh\JavaWorkspace\PhoneBook\target\classes started by KyahtamSatheesh in C:\Satheesh\JavaWorkspace\PhoneBook)
2025-04-16 22:30:11,160 - No active profile set, falling back to 1 default profile: "default"
2025-04-16 22:30:12,294 - Bootstrapping Spring Data JPA repositories in DEFAULT mode.
2025-04-16 22:30:12,339 - Finished Spring Data repository scanning in 31 ms. Found 0 JPA repository interfaces.
2025-04-16 22:30:13,181 - Tomcat initialized with port 8080 (http)
2025-04-16 22:30:13,193 - Initializing ProtocolHandler ["http-nio-8080"]
2025-04-16 22:30:13,195 - Starting service [Tomcat]
2025-04-16 22:30:13,195 - Starting Servlet engine: [Apache Tomcat/10.1.19]
2025-04-16 22:30:13,273 - Initializing Spring embedded WebApplicationContext
2025-04-16 22:30:13,274 - Root WebApplicationContext: initialization completed in 2039 ms
2025-04-16 22:30:13,332 - HikariPool-1 - Starting...
2025-04-16 22:30:13,559 - HikariPool-1 - Added connection conn0: url=jdbc:h2:mem:testdb user=SA
2025-04-16 22:30:13,563 - HikariPool-1 - Start completed.
2025-04-16 22:30:13,581 - H2 console available at '/h2-console'. Database available at 'jdbc:h2:mem:testdb'
2025-04-16 22:30:13,826 - HHH000204: Processing PersistenceUnitInfo [name: default]
2025-04-16 22:30:13,962 - HHH000412: Hibernate ORM core version 6.4.4.Final
2025-04-16 22:30:14,041 - HHH000026: Second-level cache disabled
2025-04-16 22:30:14,393 - No LoadTimeWeaver setup: ignoring JPA class transformer
2025-04-16 22:30:15,368 - HHH000489: No JTA platform available (set 'hibernate.transaction.jta.platform' to enable JTA platform integration)
2025-04-16 22:30:15,393 - Initialized JPA EntityManagerFactory for persistence unit 'default'
2025-04-16 22:30:15,570 - spring.jpa.open-in-view is enabled by default. Therefore, database queries may be performed during view rendering. Explicitly configure spring.jpa.open-in-view to disable this warning
2025-04-16 22:30:15,612 - 

Using generated security password: 0d547c5f-da2c-42c8-8692-fe40e18df260

This generated password is for development use only. Your security configuration must be updated before running your application in production.

2025-04-16 22:30:16,014 - Will secure any request with [org.springframework.security.web.session.DisableEncodeUrlFilter@12b66c89, org.springframework.security.web.context.request.async.WebAsyncManagerIntegrationFilter@5408fca1, org.springframework.security.web.context.SecurityContextHolderFilter@15254569, org.springframework.security.web.header.HeaderWriterFilter@3e371088, org.springframework.web.filter.CorsFilter@10660795, org.springframework.security.web.authentication.logout.LogoutFilter@769f6023, com.cse5382.assignment.Component.JwtFilter@4be490da, org.springframework.security.web.savedrequest.RequestCacheAwareFilter@3a5b1af7, org.springframework.security.web.servletapi.SecurityContextHolderAwareRequestFilter@4932d580, org.springframework.security.web.authentication.AnonymousAuthenticationFilter@3ccc4ca0, org.springframework.security.web.access.ExceptionTranslationFilter@6bbb3280, org.springframework.security.web.access.intercept.AuthorizationFilter@242c4a94]
2025-04-16 22:30:16,369 - Starting ProtocolHandler ["http-nio-8080"]
2025-04-16 22:30:16,407 - Tomcat started on port 8080 (http) with context path ''
2025-04-16 22:30:16,420 - Started AssignmentApplication in 5.776 seconds (process running for 6.546)
2025-04-16 22:30:21,743 - Initializing Spring DispatcherServlet 'dispatcherServlet'
2025-04-16 22:30:21,744 - Initializing Servlet 'dispatcherServlet'
2025-04-16 22:30:21,748 - Completed initialization in 4 ms
2025-04-16 22:30:31,285 - GlobalExceptionHandler:  Validation Failed : Input phone number is invalid..
2025-04-16 22:30:31,286 - GlobalExceptionHandler error {details={phoneNumber=Invalid phone number format. Use US standard format}, error=Validation Failed, status=400}
2025-04-16 22:30:55,625 - GlobalExceptionHandler:  Validation Failed : Input phone number is invalid..
2025-04-16 22:30:55,625 - GlobalExceptionHandler error {details={phoneNumber=Invalid phone number format. Use US standard format}, error=Validation Failed, status=400}
2025-04-16 22:30:56,694 - GlobalExceptionHandler:  Validation Failed : Input phone number is invalid..
2025-04-16 22:30:56,695 - GlobalExceptionHandler error {details={phoneNumber=Invalid phone number format. Use US standard format}, error=Validation Failed, status=400}
2025-04-16 22:30:57,556 - GlobalExceptionHandler:  Validation Failed : Input phone number is invalid..
2025-04-16 22:30:57,556 - GlobalExceptionHandler error {details={phoneNumber=Invalid phone number format. Use US standard format}, error=Validation Failed, status=400}
2025-04-16 22:30:58,408 - GlobalExceptionHandler:  Validation Failed : Input phone number is invalid..
2025-04-16 22:30:58,408 - GlobalExceptionHandler error {details={phoneNumber=Invalid phone number format. Use US standard format}, error=Validation Failed, status=400}
2025-04-16 22:30:59,263 - GlobalExceptionHandler:  Validation Failed : Input phone number is invalid..
2025-04-16 22:30:59,263 - GlobalExceptionHandler error {details={phoneNumber=Invalid phone number format. Use US standard format}, error=Validation Failed, status=400}
2025-04-16 22:31:00,128 - GlobalExceptionHandler:  Validation Failed : Input phone number is invalid..
2025-04-16 22:31:00,129 - GlobalExceptionHandler error {details={phoneNumber=Invalid phone number format. Use US standard format}, error=Validation Failed, status=400}
2025-04-16 22:31:00,949 - GlobalExceptionHandler:  Validation Failed : Input phone number is invalid..
2025-04-16 22:31:00,949 - GlobalExceptionHandler error {details={phoneNumber=Invalid phone number format. Use US standard format}, error=Validation Failed, status=400}
2025-04-16 22:31:01,712 - GlobalExceptionHandler:  Validation Failed : Input phone number is invalid..
2025-04-16 22:31:01,713 - GlobalExceptionHandler error {details={phoneNumber=Invalid phone number format. Use US standard format}, error=Validation Failed, status=400}
2025-04-16 22:31:02,478 - GlobalExceptionHandler:  Validation Failed : Input phone number is invalid..
2025-04-16 22:31:02,478 - GlobalExceptionHandler error {details={phoneNumber=Invalid phone number format. Use US standard format}, error=Validation Failed, status=400}
2025-04-16 22:31:03,392 - GlobalExceptionHandler:  Validation Failed : Input phone number is invalid..
2025-04-16 22:31:03,392 - GlobalExceptionHandler error {details={phoneNumber=Invalid phone number format. Use US standard format}, error=Validation Failed, status=400}
2025-04-16 22:31:04,284 - GlobalExceptionHandler:  Validation Failed : Input phone number is invalid..
2025-04-16 22:31:04,284 - GlobalExceptionHandler error {details={phoneNumber=Invalid phone number format. Use US standard format}, error=Validation Failed, status=400}
2025-04-16 22:31:05,790 - GlobalExceptionHandler:  Validation Failed : Input phone number is invalid..
2025-04-16 22:31:05,790 - GlobalExceptionHandler error {details={phoneNumber=Invalid phone number format. Use US standard format}, error=Validation Failed, status=400}
2025-04-16 22:31:07,207 - GlobalExceptionHandler:  Validation Failed : Input phone number is invalid..
2025-04-16 22:31:07,207 - GlobalExceptionHandler error {details={phoneNumber=Invalid phone number format. Use US standard format}, error=Validation Failed, status=400}
2025-04-16 22:31:08,074 - GlobalExceptionHandler:  Validation Failed : Input phone number is invalid..
2025-04-16 22:31:08,074 - GlobalExceptionHandler error {details={phoneNumber=Invalid phone number format. Use US standard format}, error=Validation Failed, status=400}
2025-04-16 22:31:10,192 - GlobalExceptionHandler:  Validation Failed : Input phone number is invalid..
2025-04-16 22:31:10,192 - GlobalExceptionHandler error {details={phoneNumber=Invalid phone number format. Use US standard format}, error=Validation Failed, status=400}
2025-04-16 22:31:11,317 - GlobalExceptionHandler:  Validation Failed : Input phone number is invalid..
2025-04-16 22:31:11,318 - GlobalExceptionHandler error {details={phoneNumber=Invalid phone number format. Use US standard format}, error=Validation Failed, status=400}
2025-04-16 22:31:12,309 - GlobalExceptionHandler:  Validation Failed : Input phone number is invalid..
2025-04-16 22:31:12,309 - GlobalExceptionHandler error {details={phoneNumber=Invalid phone number format. Use US standard format}, error=Validation Failed, status=400}
2025-04-16 22:31:14,021 - GlobalExceptionHandler:  Validation Failed : Input phone number is invalid..
2025-04-16 22:31:14,022 - GlobalExceptionHandler error {details={phoneNumber=Invalid phone number format. Use US standard format}, error=Validation Failed, status=400}
2025-04-16 22:31:21,030 - GlobalExceptionHandler:  Validation Failed : Input phone number is invalid..
2025-04-16 22:31:21,030 - GlobalExceptionHandler error {details={phoneNumber=Invalid phone number format. Use US standard format}, error=Validation Failed, status=400}
2025-04-16 22:31:22,151 - GlobalExceptionHandler:  Validation Failed : Input phone number is invalid..
2025-04-16 22:31:22,151 - GlobalExceptionHandler error {details={phoneNumber=Invalid phone number format. Use US standard format}, error=Validation Failed, status=400}
2025-04-16 22:31:26,606 - GlobalExceptionHandler:  Validation Failed : Input phone number is invalid..
2025-04-16 22:31:26,607 - GlobalExceptionHandler error {details={phoneNumber=Invalid phone number format. Use US standard format}, error=Validation Failed, status=400}
2025-04-16 22:31:34,024 - GlobalExceptionHandler:  Validation Failed : Input phone number is invalid..
2025-04-16 22:31:34,024 - GlobalExceptionHandler error {details={phoneNumber=Invalid phone number format. Use US standard format}, error=Validation Failed, status=400}
2025-04-16 22:32:00,505 - This is method name is add user...
2025-04-16 22:32:00,506 - Given User name is Kyahtams
2025-04-16 22:32:00,506 - Given User phone number is 12345
2025-04-16 22:32:00,521 - Phone book entry added successfully {message=Phone book entry added successfully, status=201}
2025-04-16 22:32:02,086 - This is method name is add user...
2025-04-16 22:32:02,086 - Given User name is Kyahtams
2025-04-16 22:32:02,086 - Given User phone number is 12345
2025-04-16 22:32:02,087 - Phone number already exists {message=Phone number already exists, status=409}
2025-04-16 22:32:03,597 - This is method name is add user...
2025-04-16 22:32:03,598 - Given User name is Kyahtams
2025-04-16 22:32:03,598 - Given User phone number is 12345
2025-04-16 22:32:03,598 - Phone number already exists {message=Phone number already exists, status=409}
2025-04-16 22:32:04,373 - This is method name is add user...
2025-04-16 22:32:04,374 - Given User name is Kyahtams
2025-04-16 22:32:04,374 - Given User phone number is 12345
2025-04-16 22:32:04,374 - Phone number already exists {message=Phone number already exists, status=409}
2025-04-16 22:32:05,185 - This is method name is add user...
2025-04-16 22:32:05,185 - Given User name is Kyahtams
2025-04-16 22:32:05,185 - Given User phone number is 12345
2025-04-16 22:32:05,186 - Phone number already exists {message=Phone number already exists, status=409}
2025-04-16 22:32:05,933 - This is method name is add user...
2025-04-16 22:32:05,933 - Given User name is Kyahtams
2025-04-16 22:32:05,933 - Given User phone number is 12345
2025-04-16 22:32:05,934 - Phone number already exists {message=Phone number already exists, status=409}
2025-04-16 22:32:06,672 - This is method name is add user...
2025-04-16 22:32:06,673 - Given User name is Kyahtams
2025-04-16 22:32:06,673 - Given User phone number is 12345
2025-04-16 22:32:06,673 - Phone number already exists {message=Phone number already exists, status=409}
2025-04-16 22:32:07,399 - This is method name is add user...
2025-04-16 22:32:07,399 - Given User name is Kyahtams
2025-04-16 22:32:07,399 - Given User phone number is 12345
2025-04-16 22:32:07,400 - Phone number already exists {message=Phone number already exists, status=409}
2025-04-16 22:32:08,113 - This is method name is add user...
2025-04-16 22:32:08,113 - Given User name is Kyahtams
2025-04-16 22:32:08,113 - Given User phone number is 12345
2025-04-16 22:32:08,114 - Phone number already exists {message=Phone number already exists, status=409}
2025-04-16 22:32:08,819 - This is method name is add user...
2025-04-16 22:32:08,820 - Given User name is Kyahtams
2025-04-16 22:32:08,820 - Given User phone number is 12345
2025-04-16 22:32:08,822 - Phone number already exists {message=Phone number already exists, status=409}
2025-04-16 22:32:09,343 - This is method name is add user...
2025-04-16 22:32:09,344 - Given User name is Kyahtams
2025-04-16 22:32:09,344 - Given User phone number is 12345
2025-04-16 22:32:09,345 - Phone number already exists {message=Phone number already exists, status=409}
2025-04-16 22:49:52,670 - HV000001: Hibernate Validator 8.0.1.Final
2025-04-16 22:49:52,739 - Starting AssignmentApplication using Java 21.0.3 with PID 56840 (C:\Satheesh\JavaWorkspace\PhoneBook\target\classes started by KyahtamSatheesh in C:\Satheesh\JavaWorkspace\PhoneBook)
2025-04-16 22:49:52,740 - No active profile set, falling back to 1 default profile: "default"
2025-04-16 22:49:53,948 - Bootstrapping Spring Data JPA repositories in DEFAULT mode.
2025-04-16 22:49:54,000 - Finished Spring Data repository scanning in 33 ms. Found 0 JPA repository interfaces.
2025-04-16 22:49:54,808 - Tomcat initialized with port 8080 (http)
2025-04-16 22:49:54,826 - Initializing ProtocolHandler ["http-nio-8080"]
2025-04-16 22:49:54,830 - Starting service [Tomcat]
2025-04-16 22:49:54,830 - Starting Servlet engine: [Apache Tomcat/10.1.19]
2025-04-16 22:49:54,914 - Initializing Spring embedded WebApplicationContext
2025-04-16 22:49:54,914 - Root WebApplicationContext: initialization completed in 2111 ms
2025-04-16 22:49:54,977 - HikariPool-1 - Starting...
2025-04-16 22:49:55,207 - HikariPool-1 - Added connection conn0: url=jdbc:h2:mem:testdb user=SA
2025-04-16 22:49:55,209 - HikariPool-1 - Start completed.
2025-04-16 22:49:55,224 - H2 console available at '/h2-console'. Database available at 'jdbc:h2:mem:testdb'
2025-04-16 22:49:55,549 - HHH000204: Processing PersistenceUnitInfo [name: default]
2025-04-16 22:49:55,682 - HHH000412: Hibernate ORM core version 6.4.4.Final
2025-04-16 22:49:55,753 - HHH000026: Second-level cache disabled
2025-04-16 22:49:56,212 - No LoadTimeWeaver setup: ignoring JPA class transformer
2025-04-16 22:49:57,220 - HHH000489: No JTA platform available (set 'hibernate.transaction.jta.platform' to enable JTA platform integration)
2025-04-16 22:49:57,248 - Initialized JPA EntityManagerFactory for persistence unit 'default'
2025-04-16 22:49:57,352 - spring.jpa.open-in-view is enabled by default. Therefore, database queries may be performed during view rendering. Explicitly configure spring.jpa.open-in-view to disable this warning
2025-04-16 22:49:57,408 - 

Using generated security password: d251c6cf-b401-4ece-a208-7d1d8cc7569b

This generated password is for development use only. Your security configuration must be updated before running your application in production.

2025-04-16 22:49:57,872 - Will secure any request with [org.springframework.security.web.session.DisableEncodeUrlFilter@1f5f4d48, org.springframework.security.web.context.request.async.WebAsyncManagerIntegrationFilter@2f025e9e, org.springframework.security.web.context.SecurityContextHolderFilter@4daead88, org.springframework.security.web.header.HeaderWriterFilter@629fe84, org.springframework.web.filter.CorsFilter@2c8e096, org.springframework.security.web.authentication.logout.LogoutFilter@2178d296, com.cse5382.assignment.Component.JwtFilter@66f5b8fe, org.springframework.security.web.savedrequest.RequestCacheAwareFilter@5b3c11ce, org.springframework.security.web.servletapi.SecurityContextHolderAwareRequestFilter@46573cfe, org.springframework.security.web.authentication.AnonymousAuthenticationFilter@3dabdd11, org.springframework.security.web.access.ExceptionTranslationFilter@2ad80cf6, org.springframework.security.web.access.intercept.AuthorizationFilter@2f03fdc0]
2025-04-16 22:49:58,244 - Starting ProtocolHandler ["http-nio-8080"]
2025-04-16 22:49:58,263 - Exception encountered during context initialization - cancelling refresh attempt: org.springframework.context.ApplicationContextException: Failed to start bean 'webServerStartStop'
2025-04-16 22:49:58,269 - Closing JPA EntityManagerFactory for persistence unit 'default'
2025-04-16 22:49:58,277 - HikariPool-1 - Shutdown initiated...
2025-04-16 22:49:58,281 - HikariPool-1 - Shutdown completed.
2025-04-16 22:49:58,302 - 

Error starting ApplicationContext. To display the condition evaluation report re-run your application with 'debug' enabled.
2025-04-16 22:49:58,361 - 

***************************
APPLICATION FAILED TO START
***************************

Description:

Web server failed to start. Port 8080 was already in use.

Action:

Identify and stop the process that's listening on port 8080 or configure this application to listen on another port.

2025-04-16 22:51:15,483 - HV000001: Hibernate Validator 8.0.1.Final
2025-04-16 22:51:15,554 - Starting AssignmentApplication using Java 21.0.3 with PID 57320 (C:\Satheesh\JavaWorkspace\PhoneBook\target\classes started by KyahtamSatheesh in C:\Satheesh\JavaWorkspace\PhoneBook)
2025-04-16 22:51:15,556 - No active profile set, falling back to 1 default profile: "default"
2025-04-16 22:51:16,762 - Bootstrapping Spring Data JPA repositories in DEFAULT mode.
2025-04-16 22:51:16,795 - Finished Spring Data repository scanning in 19 ms. Found 0 JPA repository interfaces.
2025-04-16 22:51:17,641 - Tomcat initialized with port 8080 (http)
2025-04-16 22:51:17,657 - Initializing ProtocolHandler ["http-nio-8080"]
2025-04-16 22:51:17,661 - Starting service [Tomcat]
2025-04-16 22:51:17,662 - Starting Servlet engine: [Apache Tomcat/10.1.19]
2025-04-16 22:51:17,767 - Initializing Spring embedded WebApplicationContext
2025-04-16 22:51:17,768 - Root WebApplicationContext: initialization completed in 2146 ms
2025-04-16 22:51:17,818 - HikariPool-1 - Starting...
2025-04-16 22:51:18,059 - HikariPool-1 - Added connection conn0: url=jdbc:h2:mem:testdb user=SA
2025-04-16 22:51:18,063 - HikariPool-1 - Start completed.
2025-04-16 22:51:18,079 - H2 console available at '/h2-console'. Database available at 'jdbc:h2:mem:testdb'
2025-04-16 22:51:18,366 - HHH000204: Processing PersistenceUnitInfo [name: default]
2025-04-16 22:51:18,488 - HHH000412: Hibernate ORM core version 6.4.4.Final
2025-04-16 22:51:18,554 - HHH000026: Second-level cache disabled
2025-04-16 22:51:19,116 - No LoadTimeWeaver setup: ignoring JPA class transformer
2025-04-16 22:51:20,492 - HHH000489: No JTA platform available (set 'hibernate.transaction.jta.platform' to enable JTA platform integration)
2025-04-16 22:51:20,529 - Initialized JPA EntityManagerFactory for persistence unit 'default'
2025-04-16 22:51:20,642 - spring.jpa.open-in-view is enabled by default. Therefore, database queries may be performed during view rendering. Explicitly configure spring.jpa.open-in-view to disable this warning
2025-04-16 22:51:20,720 - 

Using generated security password: 3cd93862-1f10-4846-9f83-8e28e7d8dd5b

This generated password is for development use only. Your security configuration must be updated before running your application in production.

2025-04-16 22:51:21,348 - Will secure any request with [org.springframework.security.web.session.DisableEncodeUrlFilter@6530a1de, org.springframework.security.web.context.request.async.WebAsyncManagerIntegrationFilter@20b921be, org.springframework.security.web.context.SecurityContextHolderFilter@2f7d8a7c, org.springframework.security.web.header.HeaderWriterFilter@5b3c11ce, org.springframework.web.filter.CorsFilter@431923ed, org.springframework.security.web.authentication.logout.LogoutFilter@7d44eab, com.cse5382.assignment.Component.JwtFilter@74b00247, org.springframework.security.web.savedrequest.RequestCacheAwareFilter@6bbb3280, org.springframework.security.web.servletapi.SecurityContextHolderAwareRequestFilter@7dda5b25, org.springframework.security.web.authentication.AnonymousAuthenticationFilter@44723d95, org.springframework.security.web.access.ExceptionTranslationFilter@4daead88, org.springframework.security.web.access.intercept.AuthorizationFilter@2c8e096]
2025-04-16 22:51:21,823 - Starting ProtocolHandler ["http-nio-8080"]
2025-04-16 22:51:21,844 - Exception encountered during context initialization - cancelling refresh attempt: org.springframework.context.ApplicationContextException: Failed to start bean 'webServerStartStop'
2025-04-16 22:51:21,848 - Closing JPA EntityManagerFactory for persistence unit 'default'
2025-04-16 22:51:21,853 - HikariPool-1 - Shutdown initiated...
2025-04-16 22:51:21,858 - HikariPool-1 - Shutdown completed.
2025-04-16 22:51:21,880 - 

Error starting ApplicationContext. To display the condition evaluation report re-run your application with 'debug' enabled.
2025-04-16 22:51:21,918 - 

***************************
APPLICATION FAILED TO START
***************************

Description:

Web server failed to start. Port 8080 was already in use.

Action:

Identify and stop the process that's listening on port 8080 or configure this application to listen on another port.

2025-04-16 22:52:23,316 - HV000001: Hibernate Validator 8.0.1.Final
2025-04-16 22:52:23,410 - Starting AssignmentApplication using Java 21.0.3 with PID 54360 (C:\Satheesh\JavaWorkspace\PhoneBook\target\classes started by KyahtamSatheesh in C:\Satheesh\JavaWorkspace\PhoneBook)
2025-04-16 22:52:23,412 - No active profile set, falling back to 1 default profile: "default"
2025-04-16 22:52:24,770 - Bootstrapping Spring Data JPA repositories in DEFAULT mode.
2025-04-16 22:52:24,821 - Finished Spring Data repository scanning in 37 ms. Found 0 JPA repository interfaces.
2025-04-16 22:52:26,048 - Tomcat initialized with port 8080 (http)
2025-04-16 22:52:26,073 - Initializing ProtocolHandler ["http-nio-8080"]
2025-04-16 22:52:26,081 - Starting service [Tomcat]
2025-04-16 22:52:26,081 - Starting Servlet engine: [Apache Tomcat/10.1.19]
2025-04-16 22:52:26,174 - Initializing Spring embedded WebApplicationContext
2025-04-16 22:52:26,174 - Root WebApplicationContext: initialization completed in 2681 ms
2025-04-16 22:52:26,254 - HikariPool-1 - Starting...
2025-04-16 22:52:26,530 - HikariPool-1 - Added connection conn0: url=jdbc:h2:mem:testdb user=SA
2025-04-16 22:52:26,534 - HikariPool-1 - Start completed.
2025-04-16 22:52:26,555 - H2 console available at '/h2-console'. Database available at 'jdbc:h2:mem:testdb'
2025-04-16 22:52:26,925 - HHH000204: Processing PersistenceUnitInfo [name: default]
2025-04-16 22:52:27,076 - HHH000412: Hibernate ORM core version 6.4.4.Final
2025-04-16 22:52:27,148 - HHH000026: Second-level cache disabled
2025-04-16 22:52:27,633 - No LoadTimeWeaver setup: ignoring JPA class transformer
2025-04-16 22:52:28,752 - HHH000489: No JTA platform available (set 'hibernate.transaction.jta.platform' to enable JTA platform integration)
2025-04-16 22:52:28,786 - Initialized JPA EntityManagerFactory for persistence unit 'default'
2025-04-16 22:52:28,923 - spring.jpa.open-in-view is enabled by default. Therefore, database queries may be performed during view rendering. Explicitly configure spring.jpa.open-in-view to disable this warning
2025-04-16 22:52:29,007 - 

Using generated security password: 6db9722a-f492-4b1d-af8f-d985967b7e8f

This generated password is for development use only. Your security configuration must be updated before running your application in production.

2025-04-16 22:52:29,572 - Will secure any request with [org.springframework.security.web.session.DisableEncodeUrlFilter@2f025e9e, org.springframework.security.web.context.request.async.WebAsyncManagerIntegrationFilter@2c8e096, org.springframework.security.web.context.SecurityContextHolderFilter@43aa767, org.springframework.security.web.header.HeaderWriterFilter@6067e7c1, org.springframework.web.filter.CorsFilter@3dabdd11, org.springframework.security.web.authentication.logout.LogoutFilter@58c80957, com.cse5382.assignment.Component.JwtFilter@69ec93c2, org.springframework.security.web.savedrequest.RequestCacheAwareFilter@46573cfe, org.springframework.security.web.servletapi.SecurityContextHolderAwareRequestFilter@7ead0b51, org.springframework.security.web.authentication.AnonymousAuthenticationFilter@587bf2e1, org.springframework.security.web.access.ExceptionTranslationFilter@4e212f46, org.springframework.security.web.access.intercept.AuthorizationFilter@1a06ec24]
2025-04-16 22:52:30,033 - Starting ProtocolHandler ["http-nio-8080"]
2025-04-16 22:52:30,053 - Exception encountered during context initialization - cancelling refresh attempt: org.springframework.context.ApplicationContextException: Failed to start bean 'webServerStartStop'
2025-04-16 22:52:30,058 - Closing JPA EntityManagerFactory for persistence unit 'default'
2025-04-16 22:52:30,065 - HikariPool-1 - Shutdown initiated...
2025-04-16 22:52:30,072 - HikariPool-1 - Shutdown completed.
2025-04-16 22:52:30,091 - 

Error starting ApplicationContext. To display the condition evaluation report re-run your application with 'debug' enabled.
2025-04-16 22:52:30,128 - 

***************************
APPLICATION FAILED TO START
***************************

Description:

Web server failed to start. Port 8080 was already in use.

Action:

Identify and stop the process that's listening on port 8080 or configure this application to listen on another port.

2025-04-16 22:53:17,858 - HV000001: Hibernate Validator 8.0.1.Final
2025-04-16 22:53:17,935 - Starting AssignmentApplication using Java 21.0.3 with PID 10224 (C:\Satheesh\JavaWorkspace\PhoneBook\target\classes started by KyahtamSatheesh in C:\Satheesh\JavaWorkspace\PhoneBook)
2025-04-16 22:53:17,937 - No active profile set, falling back to 1 default profile: "default"
2025-04-16 22:53:19,365 - Bootstrapping Spring Data JPA repositories in DEFAULT mode.
2025-04-16 22:53:19,452 - Finished Spring Data repository scanning in 48 ms. Found 0 JPA repository interfaces.
2025-04-16 22:53:20,527 - Tomcat initialized with port 8080 (http)
2025-04-16 22:53:20,541 - Initializing ProtocolHandler ["http-nio-8080"]
2025-04-16 22:53:20,543 - Starting service [Tomcat]
2025-04-16 22:53:20,544 - Starting Servlet engine: [Apache Tomcat/10.1.19]
2025-04-16 22:53:20,639 - Initializing Spring embedded WebApplicationContext
2025-04-16 22:53:20,639 - Root WebApplicationContext: initialization completed in 2609 ms
2025-04-16 22:53:20,697 - HikariPool-1 - Starting...
2025-04-16 22:53:20,929 - HikariPool-1 - Added connection conn0: url=jdbc:h2:mem:testdb user=SA
2025-04-16 22:53:20,930 - HikariPool-1 - Start completed.
2025-04-16 22:53:20,944 - H2 console available at '/h2-console'. Database available at 'jdbc:h2:mem:testdb'
2025-04-16 22:53:21,279 - HHH000204: Processing PersistenceUnitInfo [name: default]
2025-04-16 22:53:21,430 - HHH000412: Hibernate ORM core version 6.4.4.Final
2025-04-16 22:53:21,493 - HHH000026: Second-level cache disabled
2025-04-16 22:53:21,942 - No LoadTimeWeaver setup: ignoring JPA class transformer
2025-04-16 22:53:23,052 - HHH000489: No JTA platform available (set 'hibernate.transaction.jta.platform' to enable JTA platform integration)
2025-04-16 22:53:23,105 - Initialized JPA EntityManagerFactory for persistence unit 'default'
2025-04-16 22:53:23,270 - spring.jpa.open-in-view is enabled by default. Therefore, database queries may be performed during view rendering. Explicitly configure spring.jpa.open-in-view to disable this warning
2025-04-16 22:53:23,328 - 

Using generated security password: c6b6a185-bc93-4b78-bd50-4cd6838e9505

This generated password is for development use only. Your security configuration must be updated before running your application in production.

2025-04-16 22:53:23,791 - Will secure any request with [org.springframework.security.web.session.DisableEncodeUrlFilter@1f5f4d48, org.springframework.security.web.context.request.async.WebAsyncManagerIntegrationFilter@2f025e9e, org.springframework.security.web.context.SecurityContextHolderFilter@4daead88, org.springframework.security.web.header.HeaderWriterFilter@629fe84, org.springframework.web.filter.CorsFilter@2c8e096, org.springframework.security.web.authentication.logout.LogoutFilter@2178d296, com.cse5382.assignment.Component.JwtFilter@66f5b8fe, org.springframework.security.web.savedrequest.RequestCacheAwareFilter@5b3c11ce, org.springframework.security.web.servletapi.SecurityContextHolderAwareRequestFilter@46573cfe, org.springframework.security.web.authentication.AnonymousAuthenticationFilter@3dabdd11, org.springframework.security.web.access.ExceptionTranslationFilter@2ad80cf6, org.springframework.security.web.access.intercept.AuthorizationFilter@2f03fdc0]
2025-04-16 22:53:24,244 - Starting ProtocolHandler ["http-nio-8080"]
2025-04-16 22:53:24,266 - Exception encountered during context initialization - cancelling refresh attempt: org.springframework.context.ApplicationContextException: Failed to start bean 'webServerStartStop'
2025-04-16 22:53:24,271 - Closing JPA EntityManagerFactory for persistence unit 'default'
2025-04-16 22:53:24,277 - HikariPool-1 - Shutdown initiated...
2025-04-16 22:53:24,282 - HikariPool-1 - Shutdown completed.
2025-04-16 22:53:24,298 - 

Error starting ApplicationContext. To display the condition evaluation report re-run your application with 'debug' enabled.
2025-04-16 22:53:24,328 - 

***************************
APPLICATION FAILED TO START
***************************

Description:

Web server failed to start. Port 8080 was already in use.

Action:

Identify and stop the process that's listening on port 8080 or configure this application to listen on another port.

